<?xml version="1.0" encoding="UTF-8"?>
<testng-results ignored="0" total="1" passed="1" failed="0" skipped="0">
  <reporter-output>
  </reporter-output>
  <suite started-at="2022-12-11T22:28:47 GMT+02:00" name="Default suite" finished-at="2022-12-11T22:29:13 GMT+02:00" duration-ms="25782">
    <groups>
    </groups>
    <test started-at="2022-12-11T22:28:47 GMT+02:00" name="Default test" finished-at="2022-12-11T22:29:13 GMT+02:00" duration-ms="25782">
      <class name="TestCURA.CURA">
        <test-method is-config="true" signature="setup()[pri:0, instance:TestCURA.CURA@694abbdc]" started-at="2022-12-11T22:28:47 GMT+02:00" name="setup" finished-at="2022-12-11T22:28:57 GMT+02:00" duration-ms="9817" status="PASS">
          <reporter-output>
          </reporter-output>
        </test-method> <!-- setup -->
        <test-method signature="Make_Appointment()[pri:0, instance:TestCURA.CURA@694abbdc]" started-at="2022-12-11T22:28:57 GMT+02:00" name="Make_Appointment" finished-at="2022-12-11T22:29:09 GMT+02:00" duration-ms="12158" status="PASS">
          <reporter-output>
          </reporter-output>
        </test-method> <!-- Make_Appointment -->
        <test-method is-config="true" signature="AfterTest()[pri:0, instance:TestCURA.CURA@694abbdc]" started-at="2022-12-11T22:29:09 GMT+02:00" name="AfterTest" finished-at="2022-12-11T22:29:13 GMT+02:00" duration-ms="3752" status="PASS">
          <reporter-output>
          </reporter-output>
        </test-method> <!-- AfterTest -->
      </class> <!-- TestCURA.CURA -->
    </test> <!-- Default test -->
  </suite> <!-- Default suite -->
</testng-results>
